<?xml version="1.0" encoding="UTF-8"?>
<!-- Generated by org.testng.reporters.JUnitReportReporter -->
<testsuite hostname="DESKTOP-ULV4RC9" failures="0" tests="1" name="com.actitime.test.Test_createLeave" time="15.886" errors="0" timestamp="24 Jun 2021 18:16:43 GMT" skipped="0">
  <testcase classname="com.actitime.test.Test_createLeave" name="createaleave" time="15.886"/>
</testsuite> <!-- com.actitime.test.Test_createLeave -->
